error: Error: Test error
    at Object.ownKeys (C:\JAY\EPITA\Semester 4\Software Integration\Finalll_Pr\app\app\src\__tests__\middleware\validator.test.ts:115:15)
    at Function.entries (<anonymous>)
    at validator (C:\JAY\EPITA\Semester 4\Software Integration\Finalll_Pr\app\app\src\middleware\validator.ts:26:39)
    at Object.<anonymous> (C:\JAY\EPITA\Semester 4\Software Integration\Finalll_Pr\app\app\src\__tests__\middleware\validator.test.ts:121:14)
    at Promise.then.completed (C:\JAY\EPITA\Semester 4\Software Integration\Finalll_Pr\app\app\node_modules\jest-circus\build\utils.js:298:28)
    at new Promise (<anonymous>)
    at callAsyncCircusFn (C:\JAY\EPITA\Semester 4\Software Integration\Finalll_Pr\app\app\node_modules\jest-circus\build\utils.js:231:10)
    at _callCircusTest (C:\JAY\EPITA\Semester 4\Software Integration\Finalll_Pr\app\app\node_modules\jest-circus\build\run.js:316:40)
    at processTicksAndRejections (node:internal/process/task_queues:105:5)
    at _runTest (C:\JAY\EPITA\Semester 4\Software Integration\Finalll_Pr\app\app\node_modules\jest-circus\build\run.js:252:3)
    at _runTestsForDescribeBlock (C:\JAY\EPITA\Semester 4\Software Integration\Finalll_Pr\app\app\node_modules\jest-circus\build\run.js:126:9)
    at _runTestsForDescribeBlock (C:\JAY\EPITA\Semester 4\Software Integration\Finalll_Pr\app\app\node_modules\jest-circus\build\run.js:121:9)
    at run (C:\JAY\EPITA\Semester 4\Software Integration\Finalll_Pr\app\app\node_modules\jest-circus\build\run.js:71:3)
    at runAndTransformResultsToJestFormat (C:\JAY\EPITA\Semester 4\Software Integration\Finalll_Pr\app\app\node_modules\jest-circus\build\legacy-code-todo-rewrite\jestAdapterInit.js:122:21)
    at jestAdapter (C:\JAY\EPITA\Semester 4\Software Integration\Finalll_Pr\app\app\node_modules\jest-circus\build\legacy-code-todo-rewrite\jestAdapter.js:79:19)
    at runTestInternal (C:\JAY\EPITA\Semester 4\Software Integration\Finalll_Pr\app\app\node_modules\jest-runner\build\runTest.js:367:16)
    at runTest (C:\JAY\EPITA\Semester 4\Software Integration\Finalll_Pr\app\app\node_modules\jest-runner\build\runTest.js:444:34)
    at Object.worker (C:\JAY\EPITA\Semester 4\Software Integration\Finalll_Pr\app\app\node_modules\jest-runner\build\testWorker.js:106:12) {"timestamp":"2025-05-12T19:56:14.938Z"}
error: Error: Test error
    at Function.<anonymous> (C:\JAY\EPITA\Semester 4\Software Integration\Finalll_Pr\app\app\src\__tests__\middleware\validator.test.ts:51:15)
    at C:\JAY\EPITA\Semester 4\Software Integration\Finalll_Pr\app\app\node_modules\jest-mock\build\index.js:397:39
    at Function.<anonymous> (C:\JAY\EPITA\Semester 4\Software Integration\Finalll_Pr\app\app\node_modules\jest-mock\build\index.js:404:13)
    at Function.mockConstructor (C:\JAY\EPITA\Semester 4\Software Integration\Finalll_Pr\app\app\node_modules\jest-mock\build\index.js:148:19)
    at validator (C:\JAY\EPITA\Semester 4\Software Integration\Finalll_Pr\app\app\src\middleware\validator.ts:26:39)
    at Object.<anonymous> (C:\JAY\EPITA\Semester 4\Software Integration\Finalll_Pr\app\app\src\__tests__\middleware\validator.test.ts:54:16)
    at Promise.then.completed (C:\JAY\EPITA\Semester 4\Software Integration\Finalll_Pr\app\app\node_modules\jest-circus\build\utils.js:298:28)
    at new Promise (<anonymous>)
    at callAsyncCircusFn (C:\JAY\EPITA\Semester 4\Software Integration\Finalll_Pr\app\app\node_modules\jest-circus\build\utils.js:231:10)
    at _callCircusTest (C:\JAY\EPITA\Semester 4\Software Integration\Finalll_Pr\app\app\node_modules\jest-circus\build\run.js:316:40)
    at _runTest (C:\JAY\EPITA\Semester 4\Software Integration\Finalll_Pr\app\app\node_modules\jest-circus\build\run.js:252:3)
    at _runTestsForDescribeBlock (C:\JAY\EPITA\Semester 4\Software Integration\Finalll_Pr\app\app\node_modules\jest-circus\build\run.js:126:9)
    at _runTestsForDescribeBlock (C:\JAY\EPITA\Semester 4\Software Integration\Finalll_Pr\app\app\node_modules\jest-circus\build\run.js:121:9)
    at _runTestsForDescribeBlock (C:\JAY\EPITA\Semester 4\Software Integration\Finalll_Pr\app\app\node_modules\jest-circus\build\run.js:121:9)
    at run (C:\JAY\EPITA\Semester 4\Software Integration\Finalll_Pr\app\app\node_modules\jest-circus\build\run.js:71:3)
    at runAndTransformResultsToJestFormat (C:\JAY\EPITA\Semester 4\Software Integration\Finalll_Pr\app\app\node_modules\jest-circus\build\legacy-code-todo-rewrite\jestAdapterInit.js:122:21)
    at jestAdapter (C:\JAY\EPITA\Semester 4\Software Integration\Finalll_Pr\app\app\node_modules\jest-circus\build\legacy-code-todo-rewrite\jestAdapter.js:79:19)
    at runTestInternal (C:\JAY\EPITA\Semester 4\Software Integration\Finalll_Pr\app\app\node_modules\jest-runner\build\runTest.js:367:16)
    at runTest (C:\JAY\EPITA\Semester 4\Software Integration\Finalll_Pr\app\app\node_modules\jest-runner\build\runTest.js:444:34) {"timestamp":"2025-05-12T21:17:35.827Z"}
